
Dec 14, 2016 16:56:36.83 NEW SESSION
Dec 14, 2016 16:56:36.83 console.info: 2016-12-14T11:26:36.831Z: Starting adguard addon...
Dec 14, 2016 16:56:36.83 console.info: 2016-12-14T11:26:36.834Z: Initializing webRequest...
Dec 14, 2016 16:56:36.83 console.info: 2016-12-14T11:26:36.836Z: Collapse style registered successfully
Dec 14, 2016 16:56:36.83 console.info: 2016-12-14T11:26:36.837Z: Selector style registered successfully
Dec 14, 2016 16:56:36.99 console.info: 2016-12-14T11:26:36.995Z: Groups metadata loaded
Dec 14, 2016 16:56:37.05 console.info: 2016-12-14T11:26:37.057Z: Filters metadata loaded
Dec 14, 2016 16:56:37.05 console.info: 2016-12-14T11:26:37.059Z: Starting loading filter rules from the storage
Dec 14, 2016 16:56:37.25 console.info: 2016-12-14T11:26:37.250Z: Finished loading filter rules from the storage in 191 ms
Dec 14, 2016 16:56:37.25 console.info: 2016-12-14T11:26:37.251Z: Starting request filter initialization. Async=true
Dec 14, 2016 16:56:39.43 console.info: 2016-12-14T11:26:39.436Z: Finished request filter initialization in 2186 ms. Rules count: 62996
Dec 14, 2016 17:06:15.53 console.info: 2016-12-14T11:36:15.533Z: Starting adguard addon...
Dec 14, 2016 17:06:15.53 console.info: 2016-12-14T11:36:15.535Z: Initializing webRequest...
Dec 14, 2016 17:06:15.53 console.info: 2016-12-14T11:36:15.538Z: Collapse style registered successfully
Dec 14, 2016 17:06:15.53 console.info: 2016-12-14T11:36:15.539Z: Selector style registered successfully
Dec 14, 2016 17:06:15.71 console.info: 2016-12-14T11:36:15.715Z: Groups metadata loaded
Dec 14, 2016 17:06:15.77 console.info: 2016-12-14T11:36:15.777Z: Filters metadata loaded
Dec 14, 2016 17:06:15.78 console.info: 2016-12-14T11:36:15.780Z: Starting loading filter rules from the storage
Dec 14, 2016 17:06:16.03 console.info: 2016-12-14T11:36:16.031Z: Finished loading filter rules from the storage in 251 ms
Dec 14, 2016 17:06:16.03 console.info: 2016-12-14T11:36:16.032Z: Starting request filter initialization. Async=true
Dec 14, 2016 17:06:18.44 console.info: 2016-12-14T11:36:18.448Z: Finished request filter initialization in 2415 ms. Rules count: 62996
Dec 14, 2016 17:11:15.78 console.info: 2016-12-14T11:41:15.782Z: Start checking filters updates
Dec 14, 2016 17:11:15.78 console.info: 2016-12-14T11:41:15.784Z: Checking updates for 1 filters
Dec 14, 2016 17:20:14.21 console.info: 2016-12-14T11:50:14.215Z: Starting adguard addon...
Dec 14, 2016 17:20:14.21 console.info: 2016-12-14T11:50:14.218Z: Initializing webRequest...
Dec 14, 2016 17:20:14.22 console.info: 2016-12-14T11:50:14.220Z: Collapse style registered successfully
Dec 14, 2016 17:20:14.22 console.info: 2016-12-14T11:50:14.222Z: Selector style registered successfully
Dec 14, 2016 17:20:14.40 console.info: 2016-12-14T11:50:14.405Z: Groups metadata loaded
Dec 14, 2016 17:20:14.47 console.info: 2016-12-14T11:50:14.471Z: Filters metadata loaded
Dec 14, 2016 17:20:14.47 console.info: 2016-12-14T11:50:14.473Z: Starting loading filter rules from the storage
Dec 14, 2016 17:20:14.68 console.info: 2016-12-14T11:50:14.683Z: Finished loading filter rules from the storage in 210 ms
Dec 14, 2016 17:20:14.68 console.info: 2016-12-14T11:50:14.683Z: Starting request filter initialization. Async=true
Dec 14, 2016 17:20:17.14 console.info: 2016-12-14T11:50:17.140Z: Finished request filter initialization in 2457 ms. Rules count: 62996
